<?xml version="1.0" encoding="UTF-8"?>
<!-- Generated by org.testng.reporters.JUnitReportReporter -->
<testsuite hostname="DESKTOP-9A58I0B" failures="0" tests="1" name="Mock_PKsir.flipkartIphone" time="25.190" errors="0" timestamp="2024-06-07T10:26:32 PDT" skipped="0">
  <testcase classname="Mock_PKsir.flipkartIphone" name="Iphone" time="25.190"/>
</testsuite> <!-- Mock_PKsir.flipkartIphone -->
