<?xml version="1.0" encoding="UTF-8"?>
<!-- Generated by org.testng.reporters.JUnitReportReporter -->
<testsuite hostname="DESKTOP-9A58I0B" failures="0" tests="1" name="LogicalPrgrmsMock.Logical" time="0.029" errors="0" timestamp="2024-06-04T12:46:15 PDT" skipped="0">
  <testcase classname="LogicalPrgrmsMock.Logical" name="maxmin" time="0.029"/>
</testsuite> <!-- LogicalPrgrmsMock.Logical -->
