<?xml version="1.0" encoding="UTF-8"?>
<!-- Generated by org.testng.reporters.JUnitReportReporter -->
<testsuite hostname="DESKTOP-9A58I0B" failures="0" tests="1" name="simple.hello" time="0.030" errors="0" timestamp="2024-04-17T12:48:05 PDT" skipped="0">
  <testcase classname="simple.hello" name="method1" time="0.030"/>
</testsuite> <!-- simple.hello -->
